Flattening unmatched subcell dram_cell in circuit dram_array (0)(2 instances)
Flattening unmatched subcell dram_array in circuit x4bit_dram (0)(2 instances)
Flattening unmatched subcell x4bit_dram in circuit x8bit_dram (0)(2 instances)
Flattening unmatched subcell x8bit_dram in circuit pixel (0)(1 instance)
Flattening unmatched subcell pixel in circuit top_pixel (0)(1 instance)
Flattening unmatched subcell pixel in circuit bottom_pixel (0)(1 instance)
Flattening unmatched subcell sens_amp8 in circuit bottom_pixel (0)(1 instance)
Flattening unmatched subcell pixel in circuit right_pixel (0)(1 instance)
Flattening unmatched subcell dram in circuit dram_8 (1)(8 instances)
Flattening unmatched subcell top_pixel in circuit top_left_pixel (0)(1 instance)
Flattening unmatched subcell pixel in circuit left_pixel (0)(1 instance)
Flattening unmatched subcell top_pixel in circuit top_right_pixel (0)(1 instance)
Flattening unmatched subcell bottom_pixel in circuit bottom_left_pixel (0)(1 instance)
Flattening unmatched subcell right_pixel in circuit bottom_right_pixel (0)(1 instance)
Flattening unmatched subcell sens_amp8 in circuit bottom_right_pixel (0)(1 instance)
Flattening unmatched subcell sky130_fd_pr__pfet_01v8_YT7TV5 in circuit opamp_v1 (0)(3 instances)
Flattening unmatched subcell sky130_fd_pr__nfet_01v8_8HUREQ in circuit opamp_v1 (0)(2 instances)
Flattening unmatched subcell sky130_fd_pr__cap_mim_m3_1_BLS9H9 in circuit opamp_v1 (0)(6 instances)
Flattening unmatched subcell sky130_fd_pr__pfet_01v8_YC9MKB in circuit opamp_v1 (0)(3 instances)
Flattening unmatched subcell sky130_fd_pr__nfet_01v8_GQFJAV in circuit opamp_v1 (0)(6 instances)
Flattening unmatched subcell sky130_fd_pr__pfet_01v8_YCMRKB in circuit opamp_v1 (0)(4 instances)
Flattening unmatched subcell sky130_fd_pr__nfet_01v8_8JUMX6 in circuit opamp_v1 (0)(1 instance)
Flattening unmatched subcell dram_8 in circuit 8bit_adc (1)(1 instance)
Flattening unmatched subcell x8bit_dram in circuit adc (0)(1 instance)
Flattening unmatched subcell pixel in circuit small_array (0)(1 instance)
Flattening unmatched subcell right_pixel in circuit small_array (0)(1 instance)
Flattening unmatched subcell top_left_pixel in circuit small_array (0)(1 instance)
Flattening unmatched subcell left_pixel in circuit small_array (0)(1 instance)
Flattening unmatched subcell bottom_pixel in circuit small_array (0)(1 instance)
Flattening unmatched subcell top_right_pixel in circuit small_array (0)(1 instance)
Flattening unmatched subcell bottom_left_pixel in circuit small_array (0)(1 instance)
Flattening unmatched subcell bottom_right_pixel in circuit small_array (0)(1 instance)
Flattening unmatched subcell top_pixel in circuit small_array (0)(1 instance)
Flattening unmatched subcell opamp_v1 in circuit opamp_wrapper (0)(1 instance)
Flattening unmatched subcell csa in circuit pixel_dps (1)(1 instance)
Flattening unmatched subcell 8bit_adc in circuit pixel_dps (1)(1 instance)
Flattening unmatched subcell opamp in circuit opamp_wrapper (1)(1 instance)
Flattening unmatched subcell adc in circuit user_analog_project_wrapper (0)(2 instances)
Flattening unmatched subcell small_array in circuit user_analog_project_wrapper (0)(1 instance)
Flattening unmatched subcell bias_cell in circuit user_analog_project_wrapper (0)(1 instance)
Flattening unmatched subcell sens_amp8 in circuit user_analog_project_wrapper (0)(2 instances)
Flattening unmatched subcell bottom_pixel in circuit user_analog_project_wrapper (0)(1 instance)
Flattening unmatched subcell pixel_dps in circuit user_analog_project_wrapper (1)(10 instances)
Flattening unmatched subcell bias in circuit user_analog_project_wrapper (1)(1 instance)
Flattening unmatched subcell 8bit_SA in circuit user_analog_project_wrapper (1)(6 instances)
Flattening unmatched subcell 8bit_adc in circuit user_analog_project_wrapper (1)(2 instances)
Equate elements:  no current cell.
Equate elements:  no current cell.
Equate elements:  no current cell.
Equate elements:  no current cell.
Equate elements:  no current cell.

Subcircuit summary:
Circuit 1: sens_amp                        |Circuit 2: sens_amp                        
-------------------------------------------|-------------------------------------------
sky130_fd_pr__pfet_01v8_lvt (3)            |sky130_fd_pr__pfet_01v8_lvt (3)            
sky130_fd_pr__nfet_01v8_lvt (4)            |sky130_fd_pr__nfet_01v8_lvt (4)            
Number of devices: 7                       |Number of devices: 7                       
Number of nets: 9                          |Number of nets: 9                          
---------------------------------------------------------------------------------------
Circuits match uniquely.
Netlists match uniquely.

Subcircuit pins:
Circuit 1: sens_amp                        |Circuit 2: sens_amp                        
-------------------------------------------|-------------------------------------------
OUT                                        |OUT                                        
REF                                        |REF                                        
V_IN                                       |V_IN                                       
SA_IREF                                    |SA_IREF                                    
VDD                                        |VDD                                        
GND                                        |GND                                        
---------------------------------------------------------------------------------------
Cell pin lists are equivalent.
Device classes sens_amp and sens_amp are equivalent.
Class opamp_wrapper:  Merged 807 devices.

Subcircuit summary:
Circuit 1: opamp_wrapper                   |Circuit 2: opamp_wrapper                   
-------------------------------------------|-------------------------------------------
sky130_fd_pr__pfet_01v8 (5)                |sky130_fd_pr__pfet_01v8 (5)                
sky130_fd_pr__nfet_01v8 (4)                |sky130_fd_pr__nfet_01v8 (4)                
sky130_fd_pr__cap_mim_m3_1 (1)             |sky130_fd_pr__cap_mim_m3_1 (1)             
sky130_fd_pr__nfet_01v8_lvt (2)            |sky130_fd_pr__nfet_01v8_lvt (2)            
Number of devices: 12                      |Number of devices: 12                      
Number of nets: 11                         |Number of nets: 11                         
---------------------------------------------------------------------------------------
Circuits match uniquely.
Netlists match uniquely.

Subcircuit pins:
Circuit 1: opamp_wrapper                   |Circuit 2: opamp_wrapper                   
-------------------------------------------|-------------------------------------------
AMP_IB                                     |AMP_IB                                     
OUT_IB                                     |OUT_IB                                     
ARRAY_OUT                                  |ARRAY_OUT                                  
opamp_v1_0/vss                             |GND **Mismatch**                           
AOUT                                       |OUT **Mismatch**                           
opamp_v1_0/vdd                             |VDD **Mismatch**                           
---------------------------------------------------------------------------------------
Cell pin lists are equivalent.
Device classes opamp_wrapper and opamp_wrapper are equivalent.

Cell user_analog_project_wrapper disconnected node: gpio_noesd[0]
Cell user_analog_project_wrapper disconnected node: gpio_noesd[11]
Cell user_analog_project_wrapper disconnected node: gpio_noesd[12]
Cell user_analog_project_wrapper disconnected node: gpio_noesd[13]
Cell user_analog_project_wrapper disconnected node: gpio_noesd[14]
Cell user_analog_project_wrapper disconnected node: gpio_noesd[15]
Cell user_analog_project_wrapper disconnected node: gpio_noesd[16]
Cell user_analog_project_wrapper disconnected node: gpio_noesd[17]
Cell user_analog_project_wrapper disconnected node: gpio_noesd[1]
Cell user_analog_project_wrapper disconnected node: gpio_noesd[2]
Cell user_analog_project_wrapper disconnected node: gpio_noesd[3]
Cell user_analog_project_wrapper disconnected node: gpio_noesd[4]
Cell user_analog_project_wrapper disconnected node: gpio_noesd[5]
Cell user_analog_project_wrapper disconnected node: gpio_noesd[6]
Cell user_analog_project_wrapper disconnected node: gpio_noesd[7]
Cell user_analog_project_wrapper disconnected node: gpio_noesd[8]
Cell user_analog_project_wrapper disconnected node: gpio_noesd[9]
Cell user_analog_project_wrapper disconnected node: io_clamp_high[0]
Cell user_analog_project_wrapper disconnected node: io_clamp_high[1]
Cell user_analog_project_wrapper disconnected node: io_clamp_high[2]
Cell user_analog_project_wrapper disconnected node: io_clamp_low[0]
Cell user_analog_project_wrapper disconnected node: io_clamp_low[1]
Cell user_analog_project_wrapper disconnected node: io_clamp_low[2]
Cell user_analog_project_wrapper disconnected node: io_in[0]
Cell user_analog_project_wrapper disconnected node: io_in[10]
Cell user_analog_project_wrapper disconnected node: io_in[11]
Cell user_analog_project_wrapper disconnected node: io_in[12]
Cell user_analog_project_wrapper disconnected node: io_in[13]
Cell user_analog_project_wrapper disconnected node: io_in[14]
Cell user_analog_project_wrapper disconnected node: io_in[15]
Cell user_analog_project_wrapper disconnected node: io_in[16]
Cell user_analog_project_wrapper disconnected node: io_in[17]
Cell user_analog_project_wrapper disconnected node: io_in[18]
Cell user_analog_project_wrapper disconnected node: io_in[19]
Cell user_analog_project_wrapper disconnected node: io_in[1]
Cell user_analog_project_wrapper disconnected node: io_in[20]
Cell user_analog_project_wrapper disconnected node: io_in[21]
Cell user_analog_project_wrapper disconnected node: io_in[22]
Cell user_analog_project_wrapper disconnected node: io_in[23]
Cell user_analog_project_wrapper disconnected node: io_in[24]
Cell user_analog_project_wrapper disconnected node: io_in[25]
Cell user_analog_project_wrapper disconnected node: io_in[26]
Cell user_analog_project_wrapper disconnected node: io_in[3]
Cell user_analog_project_wrapper disconnected node: io_in[4]
Cell user_analog_project_wrapper disconnected node: io_in[7]
Cell user_analog_project_wrapper disconnected node: io_in[8]
Cell user_analog_project_wrapper disconnected node: io_in[9]
Cell user_analog_project_wrapper disconnected node: io_in_3v3[0]
Cell user_analog_project_wrapper disconnected node: io_in_3v3[10]
Cell user_analog_project_wrapper disconnected node: io_in_3v3[11]
Cell user_analog_project_wrapper disconnected node: io_in_3v3[12]
Cell user_analog_project_wrapper disconnected node: io_in_3v3[13]
Cell user_analog_project_wrapper disconnected node: io_in_3v3[14]
Cell user_analog_project_wrapper disconnected node: io_in_3v3[15]
Cell user_analog_project_wrapper disconnected node: io_in_3v3[16]
Cell user_analog_project_wrapper disconnected node: io_in_3v3[17]
Cell user_analog_project_wrapper disconnected node: io_in_3v3[18]
Cell user_analog_project_wrapper disconnected node: io_in_3v3[19]
Cell user_analog_project_wrapper disconnected node: io_in_3v3[1]
Cell user_analog_project_wrapper disconnected node: io_in_3v3[20]
Cell user_analog_project_wrapper disconnected node: io_in_3v3[21]
Cell user_analog_project_wrapper disconnected node: io_in_3v3[22]
Cell user_analog_project_wrapper disconnected node: io_in_3v3[23]
Cell user_analog_project_wrapper disconnected node: io_in_3v3[24]
Cell user_analog_project_wrapper disconnected node: io_in_3v3[25]
Cell user_analog_project_wrapper disconnected node: io_in_3v3[26]
Cell user_analog_project_wrapper disconnected node: io_in_3v3[2]
Cell user_analog_project_wrapper disconnected node: io_in_3v3[3]
Cell user_analog_project_wrapper disconnected node: io_in_3v3[4]
Cell user_analog_project_wrapper disconnected node: io_in_3v3[5]
Cell user_analog_project_wrapper disconnected node: io_in_3v3[6]
Cell user_analog_project_wrapper disconnected node: io_in_3v3[7]
Cell user_analog_project_wrapper disconnected node: io_in_3v3[8]
Cell user_analog_project_wrapper disconnected node: io_in_3v3[9]
Cell user_analog_project_wrapper disconnected node: io_oeb[0]
Cell user_analog_project_wrapper disconnected node: io_oeb[10]
Cell user_analog_project_wrapper disconnected node: io_oeb[11]
Cell user_analog_project_wrapper disconnected node: io_oeb[12]
Cell user_analog_project_wrapper disconnected node: io_oeb[13]
Cell user_analog_project_wrapper disconnected node: io_oeb[14]
Cell user_analog_project_wrapper disconnected node: io_oeb[15]
Cell user_analog_project_wrapper disconnected node: io_oeb[16]
Cell user_analog_project_wrapper disconnected node: io_oeb[17]
Cell user_analog_project_wrapper disconnected node: io_oeb[18]
Cell user_analog_project_wrapper disconnected node: io_oeb[19]
Cell user_analog_project_wrapper disconnected node: io_oeb[1]
Cell user_analog_project_wrapper disconnected node: io_oeb[20]
Cell user_analog_project_wrapper disconnected node: io_oeb[21]
Cell user_analog_project_wrapper disconnected node: io_oeb[22]
Cell user_analog_project_wrapper disconnected node: io_oeb[23]
Cell user_analog_project_wrapper disconnected node: io_oeb[24]
Cell user_analog_project_wrapper disconnected node: io_oeb[25]
Cell user_analog_project_wrapper disconnected node: io_oeb[26]
Cell user_analog_project_wrapper disconnected node: io_oeb[2]
Cell user_analog_project_wrapper disconnected node: io_oeb[3]
Cell user_analog_project_wrapper disconnected node: io_oeb[4]
Cell user_analog_project_wrapper disconnected node: io_oeb[5]
Cell user_analog_project_wrapper disconnected node: io_oeb[6]
Cell user_analog_project_wrapper disconnected node: io_oeb[7]
Cell user_analog_project_wrapper disconnected node: io_oeb[8]
Cell user_analog_project_wrapper disconnected node: io_oeb[9]
Cell user_analog_project_wrapper disconnected node: io_out[0]
Cell user_analog_project_wrapper disconnected node: io_out[10]
Cell user_analog_project_wrapper disconnected node: io_out[11]
Cell user_analog_project_wrapper disconnected node: io_out[12]
Cell user_analog_project_wrapper disconnected node: io_out[13]
Cell user_analog_project_wrapper disconnected node: io_out[14]
Cell user_analog_project_wrapper disconnected node: io_out[15]
Cell user_analog_project_wrapper disconnected node: io_out[16]
Cell user_analog_project_wrapper disconnected node: io_out[17]
Cell user_analog_project_wrapper disconnected node: io_out[18]
Cell user_analog_project_wrapper disconnected node: io_out[19]
Cell user_analog_project_wrapper disconnected node: io_out[1]
Cell user_analog_project_wrapper disconnected node: io_out[20]
Cell user_analog_project_wrapper disconnected node: io_out[21]
Cell user_analog_project_wrapper disconnected node: io_out[22]
Cell user_analog_project_wrapper disconnected node: io_out[23]
Cell user_analog_project_wrapper disconnected node: io_out[24]
Cell user_analog_project_wrapper disconnected node: io_out[25]
Cell user_analog_project_wrapper disconnected node: io_out[26]
Cell user_analog_project_wrapper disconnected node: io_out[2]
Cell user_analog_project_wrapper disconnected node: io_out[3]
Cell user_analog_project_wrapper disconnected node: io_out[4]
Cell user_analog_project_wrapper disconnected node: io_out[5]
Cell user_analog_project_wrapper disconnected node: io_out[6]
Cell user_analog_project_wrapper disconnected node: io_out[7]
Cell user_analog_project_wrapper disconnected node: io_out[8]
Cell user_analog_project_wrapper disconnected node: io_out[9]
Cell user_analog_project_wrapper disconnected node: la_data_in[0]
Cell user_analog_project_wrapper disconnected node: la_data_in[100]
Cell user_analog_project_wrapper disconnected node: la_data_in[101]
Cell user_analog_project_wrapper disconnected node: la_data_in[102]
Cell user_analog_project_wrapper disconnected node: la_data_in[103]
Cell user_analog_project_wrapper disconnected node: la_data_in[104]
Cell user_analog_project_wrapper disconnected node: la_data_in[105]
Cell user_analog_project_wrapper disconnected node: la_data_in[106]
Cell user_analog_project_wrapper disconnected node: la_data_in[107]
Cell user_analog_project_wrapper disconnected node: la_data_in[108]
Cell user_analog_project_wrapper disconnected node: la_data_in[109]
Cell user_analog_project_wrapper disconnected node: la_data_in[110]
Cell user_analog_project_wrapper disconnected node: la_data_in[111]
Cell user_analog_project_wrapper disconnected node: la_data_in[112]
Cell user_analog_project_wrapper disconnected node: la_data_in[113]
Cell user_analog_project_wrapper disconnected node: la_data_in[114]
Cell user_analog_project_wrapper disconnected node: la_data_in[115]
Cell user_analog_project_wrapper disconnected node: la_data_in[116]
Cell user_analog_project_wrapper disconnected node: la_data_in[117]
Cell user_analog_project_wrapper disconnected node: la_data_in[118]
Cell user_analog_project_wrapper disconnected node: la_data_in[119]
Cell user_analog_project_wrapper disconnected node: la_data_in[17]
Cell user_analog_project_wrapper disconnected node: la_data_in[18]
Cell user_analog_project_wrapper disconnected node: la_data_in[1]
Cell user_analog_project_wrapper disconnected node: la_data_in[25]
Cell user_analog_project_wrapper disconnected node: la_data_in[26]
Cell user_analog_project_wrapper disconnected node: la_data_in[2]
Cell user_analog_project_wrapper disconnected node: la_data_in[33]
Cell user_analog_project_wrapper disconnected node: la_data_in[34]
Cell user_analog_project_wrapper disconnected node: la_data_in[35]
Cell user_analog_project_wrapper disconnected node: la_data_in[36]
Cell user_analog_project_wrapper disconnected node: la_data_in[37]
Cell user_analog_project_wrapper disconnected node: la_data_in[38]
Cell user_analog_project_wrapper disconnected node: la_data_in[39]
Cell user_analog_project_wrapper disconnected node: la_data_in[3]
Cell user_analog_project_wrapper disconnected node: la_data_in[40]
Cell user_analog_project_wrapper disconnected node: la_data_in[41]
Cell user_analog_project_wrapper disconnected node: la_data_in[42]
Cell user_analog_project_wrapper disconnected node: la_data_in[43]
Cell user_analog_project_wrapper disconnected node: la_data_in[44]
Cell user_analog_project_wrapper disconnected node: la_data_in[45]
Cell user_analog_project_wrapper disconnected node: la_data_in[46]
Cell user_analog_project_wrapper disconnected node: la_data_in[47]
Cell user_analog_project_wrapper disconnected node: la_data_in[48]
Cell user_analog_project_wrapper disconnected node: la_data_in[49]
Cell user_analog_project_wrapper disconnected node: la_data_in[4]
Cell user_analog_project_wrapper disconnected node: la_data_in[50]
Cell user_analog_project_wrapper disconnected node: la_data_in[51]
Cell user_analog_project_wrapper disconnected node: la_data_in[52]
Cell user_analog_project_wrapper disconnected node: la_data_in[53]
Cell user_analog_project_wrapper disconnected node: la_data_in[54]
Cell user_analog_project_wrapper disconnected node: la_data_in[55]
Cell user_analog_project_wrapper disconnected node: la_data_in[56]
Cell user_analog_project_wrapper disconnected node: la_data_in[57]
Cell user_analog_project_wrapper disconnected node: la_data_in[58]
Cell user_analog_project_wrapper disconnected node: la_data_in[59]
Cell user_analog_project_wrapper disconnected node: la_data_in[5]
Cell user_analog_project_wrapper disconnected node: la_data_in[60]
Cell user_analog_project_wrapper disconnected node: la_data_in[61]
Cell user_analog_project_wrapper disconnected node: la_data_in[62]
Cell user_analog_project_wrapper disconnected node: la_data_in[63]
Cell user_analog_project_wrapper disconnected node: la_data_in[64]
Cell user_analog_project_wrapper disconnected node: la_data_in[65]
Cell user_analog_project_wrapper disconnected node: la_data_in[66]
Cell user_analog_project_wrapper disconnected node: la_data_in[67]
Cell user_analog_project_wrapper disconnected node: la_data_in[68]
Cell user_analog_project_wrapper disconnected node: la_data_in[69]
Cell user_analog_project_wrapper disconnected node: la_data_in[6]
Cell user_analog_project_wrapper disconnected node: la_data_in[70]
Cell user_analog_project_wrapper disconnected node: la_data_in[71]
Cell user_analog_project_wrapper disconnected node: la_data_in[72]
Cell user_analog_project_wrapper disconnected node: la_data_in[73]
Cell user_analog_project_wrapper disconnected node: la_data_in[74]
Cell user_analog_project_wrapper disconnected node: la_data_in[75]
Cell user_analog_project_wrapper disconnected node: la_data_in[76]
Cell user_analog_project_wrapper disconnected node: la_data_in[77]
Cell user_analog_project_wrapper disconnected node: la_data_in[78]
Cell user_analog_project_wrapper disconnected node: la_data_in[79]
Cell user_analog_project_wrapper disconnected node: la_data_in[7]
Cell user_analog_project_wrapper disconnected node: la_data_in[80]
Cell user_analog_project_wrapper disconnected node: la_data_in[81]
Cell user_analog_project_wrapper disconnected node: la_data_in[82]
Cell user_analog_project_wrapper disconnected node: la_data_in[83]
Cell user_analog_project_wrapper disconnected node: la_data_in[84]
Cell user_analog_project_wrapper disconnected node: la_data_in[85]
Cell user_analog_project_wrapper disconnected node: la_data_in[86]
Cell user_analog_project_wrapper disconnected node: la_data_in[87]
Cell user_analog_project_wrapper disconnected node: la_data_in[88]
Cell user_analog_project_wrapper disconnected node: la_data_in[89]
Cell user_analog_project_wrapper disconnected node: la_data_in[8]
Cell user_analog_project_wrapper disconnected node: la_data_in[90]
Cell user_analog_project_wrapper disconnected node: la_data_in[91]
Cell user_analog_project_wrapper disconnected node: la_data_in[92]
Cell user_analog_project_wrapper disconnected node: la_data_in[93]
Cell user_analog_project_wrapper disconnected node: la_data_in[94]
Cell user_analog_project_wrapper disconnected node: la_data_in[95]
Cell user_analog_project_wrapper disconnected node: la_data_in[96]
Cell user_analog_project_wrapper disconnected node: la_data_in[97]
Cell user_analog_project_wrapper disconnected node: la_data_in[98]
Cell user_analog_project_wrapper disconnected node: la_data_in[99]
Cell user_analog_project_wrapper disconnected node: la_data_out[0]
Cell user_analog_project_wrapper disconnected node: la_data_out[100]
Cell user_analog_project_wrapper disconnected node: la_data_out[101]
Cell user_analog_project_wrapper disconnected node: la_data_out[102]
Cell user_analog_project_wrapper disconnected node: la_data_out[10]
Cell user_analog_project_wrapper disconnected node: la_data_out[119]
Cell user_analog_project_wrapper disconnected node: la_data_out[11]
Cell user_analog_project_wrapper disconnected node: la_data_out[120]
Cell user_analog_project_wrapper disconnected node: la_data_out[121]
Cell user_analog_project_wrapper disconnected node: la_data_out[122]
Cell user_analog_project_wrapper disconnected node: la_data_out[123]
Cell user_analog_project_wrapper disconnected node: la_data_out[124]
Cell user_analog_project_wrapper disconnected node: la_data_out[125]
Cell user_analog_project_wrapper disconnected node: la_data_out[126]
Cell user_analog_project_wrapper disconnected node: la_data_out[127]
Cell user_analog_project_wrapper disconnected node: la_data_out[12]
Cell user_analog_project_wrapper disconnected node: la_data_out[13]
Cell user_analog_project_wrapper disconnected node: la_data_out[14]
Cell user_analog_project_wrapper disconnected node: la_data_out[15]
Cell user_analog_project_wrapper disconnected node: la_data_out[16]
Cell user_analog_project_wrapper disconnected node: la_data_out[17]
Cell user_analog_project_wrapper disconnected node: la_data_out[18]
Cell user_analog_project_wrapper disconnected node: la_data_out[19]
Cell user_analog_project_wrapper disconnected node: la_data_out[20]
Cell user_analog_project_wrapper disconnected node: la_data_out[21]
Cell user_analog_project_wrapper disconnected node: la_data_out[22]
Cell user_analog_project_wrapper disconnected node: la_data_out[23]
Cell user_analog_project_wrapper disconnected node: la_data_out[24]
Cell user_analog_project_wrapper disconnected node: la_data_out[25]
Cell user_analog_project_wrapper disconnected node: la_data_out[26]
Cell user_analog_project_wrapper disconnected node: la_data_out[27]
Cell user_analog_project_wrapper disconnected node: la_data_out[28]
Cell user_analog_project_wrapper disconnected node: la_data_out[29]
Cell user_analog_project_wrapper disconnected node: la_data_out[30]
Cell user_analog_project_wrapper disconnected node: la_data_out[31]
Cell user_analog_project_wrapper disconnected node: la_data_out[32]
Cell user_analog_project_wrapper disconnected node: la_data_out[33]
Cell user_analog_project_wrapper disconnected node: la_data_out[34]
Cell user_analog_project_wrapper disconnected node: la_data_out[35]
Cell user_analog_project_wrapper disconnected node: la_data_out[36]
Cell user_analog_project_wrapper disconnected node: la_data_out[37]
Cell user_analog_project_wrapper disconnected node: la_data_out[38]
Cell user_analog_project_wrapper disconnected node: la_data_out[39]
Cell user_analog_project_wrapper disconnected node: la_data_out[40]
Cell user_analog_project_wrapper disconnected node: la_data_out[41]
Cell user_analog_project_wrapper disconnected node: la_data_out[42]
Cell user_analog_project_wrapper disconnected node: la_data_out[43]
Cell user_analog_project_wrapper disconnected node: la_data_out[44]
Cell user_analog_project_wrapper disconnected node: la_data_out[45]
Cell user_analog_project_wrapper disconnected node: la_data_out[46]
Cell user_analog_project_wrapper disconnected node: la_data_out[47]
Cell user_analog_project_wrapper disconnected node: la_data_out[48]
Cell user_analog_project_wrapper disconnected node: la_data_out[49]
Cell user_analog_project_wrapper disconnected node: la_data_out[50]
Cell user_analog_project_wrapper disconnected node: la_data_out[51]
Cell user_analog_project_wrapper disconnected node: la_data_out[52]
Cell user_analog_project_wrapper disconnected node: la_data_out[53]
Cell user_analog_project_wrapper disconnected node: la_data_out[54]
Cell user_analog_project_wrapper disconnected node: la_data_out[55]
Cell user_analog_project_wrapper disconnected node: la_data_out[56]
Cell user_analog_project_wrapper disconnected node: la_data_out[57]
Cell user_analog_project_wrapper disconnected node: la_data_out[58]
Cell user_analog_project_wrapper disconnected node: la_data_out[59]
Cell user_analog_project_wrapper disconnected node: la_data_out[60]
Cell user_analog_project_wrapper disconnected node: la_data_out[61]
Cell user_analog_project_wrapper disconnected node: la_data_out[62]
Cell user_analog_project_wrapper disconnected node: la_data_out[63]
Cell user_analog_project_wrapper disconnected node: la_data_out[64]
Cell user_analog_project_wrapper disconnected node: la_data_out[65]
Cell user_analog_project_wrapper disconnected node: la_data_out[66]
Cell user_analog_project_wrapper disconnected node: la_data_out[67]
Cell user_analog_project_wrapper disconnected node: la_data_out[68]
Cell user_analog_project_wrapper disconnected node: la_data_out[69]
Cell user_analog_project_wrapper disconnected node: la_data_out[70]
Cell user_analog_project_wrapper disconnected node: la_data_out[71]
Cell user_analog_project_wrapper disconnected node: la_data_out[72]
Cell user_analog_project_wrapper disconnected node: la_data_out[73]
Cell user_analog_project_wrapper disconnected node: la_data_out[74]
Cell user_analog_project_wrapper disconnected node: la_data_out[75]
Cell user_analog_project_wrapper disconnected node: la_data_out[76]
Cell user_analog_project_wrapper disconnected node: la_data_out[77]
Cell user_analog_project_wrapper disconnected node: la_data_out[78]
Cell user_analog_project_wrapper disconnected node: la_data_out[79]
Cell user_analog_project_wrapper disconnected node: la_data_out[80]
Cell user_analog_project_wrapper disconnected node: la_data_out[81]
Cell user_analog_project_wrapper disconnected node: la_data_out[82]
Cell user_analog_project_wrapper disconnected node: la_data_out[83]
Cell user_analog_project_wrapper disconnected node: la_data_out[84]
Cell user_analog_project_wrapper disconnected node: la_data_out[85]
Cell user_analog_project_wrapper disconnected node: la_data_out[86]
Cell user_analog_project_wrapper disconnected node: la_data_out[87]
Cell user_analog_project_wrapper disconnected node: la_data_out[88]
Cell user_analog_project_wrapper disconnected node: la_data_out[89]
Cell user_analog_project_wrapper disconnected node: la_data_out[90]
Cell user_analog_project_wrapper disconnected node: la_data_out[91]
Cell user_analog_project_wrapper disconnected node: la_data_out[92]
Cell user_analog_project_wrapper disconnected node: la_data_out[93]
Cell user_analog_project_wrapper disconnected node: la_data_out[94]
Cell user_analog_project_wrapper disconnected node: la_data_out[95]
Cell user_analog_project_wrapper disconnected node: la_data_out[96]
Cell user_analog_project_wrapper disconnected node: la_data_out[97]
Cell user_analog_project_wrapper disconnected node: la_data_out[98]
Cell user_analog_project_wrapper disconnected node: la_data_out[99]
Cell user_analog_project_wrapper disconnected node: la_data_out[9]
Cell user_analog_project_wrapper disconnected node: la_oenb[0]
Cell user_analog_project_wrapper disconnected node: la_oenb[100]
Cell user_analog_project_wrapper disconnected node: la_oenb[101]
Cell user_analog_project_wrapper disconnected node: la_oenb[102]
Cell user_analog_project_wrapper disconnected node: la_oenb[103]
Cell user_analog_project_wrapper disconnected node: la_oenb[104]
Cell user_analog_project_wrapper disconnected node: la_oenb[105]
Cell user_analog_project_wrapper disconnected node: la_oenb[106]
Cell user_analog_project_wrapper disconnected node: la_oenb[107]
Cell user_analog_project_wrapper disconnected node: la_oenb[108]
Cell user_analog_project_wrapper disconnected node: la_oenb[109]
Cell user_analog_project_wrapper disconnected node: la_oenb[10]
Cell user_analog_project_wrapper disconnected node: la_oenb[110]
Cell user_analog_project_wrapper disconnected node: la_oenb[111]
Cell user_analog_project_wrapper disconnected node: la_oenb[112]
Cell user_analog_project_wrapper disconnected node: la_oenb[113]
Cell user_analog_project_wrapper disconnected node: la_oenb[114]
Cell user_analog_project_wrapper disconnected node: la_oenb[115]
Cell user_analog_project_wrapper disconnected node: la_oenb[116]
Cell user_analog_project_wrapper disconnected node: la_oenb[117]
Cell user_analog_project_wrapper disconnected node: la_oenb[118]
Cell user_analog_project_wrapper disconnected node: la_oenb[119]
Cell user_analog_project_wrapper disconnected node: la_oenb[11]
Cell user_analog_project_wrapper disconnected node: la_oenb[120]
Cell user_analog_project_wrapper disconnected node: la_oenb[121]
Cell user_analog_project_wrapper disconnected node: la_oenb[122]
Cell user_analog_project_wrapper disconnected node: la_oenb[123]
Cell user_analog_project_wrapper disconnected node: la_oenb[124]
Cell user_analog_project_wrapper disconnected node: la_oenb[125]
Cell user_analog_project_wrapper disconnected node: la_oenb[126]
Cell user_analog_project_wrapper disconnected node: la_oenb[127]
Cell user_analog_project_wrapper disconnected node: la_oenb[12]
Cell user_analog_project_wrapper disconnected node: la_oenb[13]
Cell user_analog_project_wrapper disconnected node: la_oenb[14]
Cell user_analog_project_wrapper disconnected node: la_oenb[15]
Cell user_analog_project_wrapper disconnected node: la_oenb[16]
Cell user_analog_project_wrapper disconnected node: la_oenb[17]
Cell user_analog_project_wrapper disconnected node: la_oenb[18]
Cell user_analog_project_wrapper disconnected node: la_oenb[19]
Cell user_analog_project_wrapper disconnected node: la_oenb[1]
Cell user_analog_project_wrapper disconnected node: la_oenb[20]
Cell user_analog_project_wrapper disconnected node: la_oenb[21]
Cell user_analog_project_wrapper disconnected node: la_oenb[22]
Cell user_analog_project_wrapper disconnected node: la_oenb[23]
Cell user_analog_project_wrapper disconnected node: la_oenb[24]
Cell user_analog_project_wrapper disconnected node: la_oenb[25]
Cell user_analog_project_wrapper disconnected node: la_oenb[26]
Cell user_analog_project_wrapper disconnected node: la_oenb[27]
Cell user_analog_project_wrapper disconnected node: la_oenb[28]
Cell user_analog_project_wrapper disconnected node: la_oenb[29]
Cell user_analog_project_wrapper disconnected node: la_oenb[2]
Cell user_analog_project_wrapper disconnected node: la_oenb[30]
Cell user_analog_project_wrapper disconnected node: la_oenb[31]
Cell user_analog_project_wrapper disconnected node: la_oenb[32]
Cell user_analog_project_wrapper disconnected node: la_oenb[33]
Cell user_analog_project_wrapper disconnected node: la_oenb[34]
Cell user_analog_project_wrapper disconnected node: la_oenb[35]
Cell user_analog_project_wrapper disconnected node: la_oenb[36]
Cell user_analog_project_wrapper disconnected node: la_oenb[37]
Cell user_analog_project_wrapper disconnected node: la_oenb[38]
Cell user_analog_project_wrapper disconnected node: la_oenb[39]
Cell user_analog_project_wrapper disconnected node: la_oenb[3]
Cell user_analog_project_wrapper disconnected node: la_oenb[40]
Cell user_analog_project_wrapper disconnected node: la_oenb[41]
Cell user_analog_project_wrapper disconnected node: la_oenb[42]
Cell user_analog_project_wrapper disconnected node: la_oenb[43]
Cell user_analog_project_wrapper disconnected node: la_oenb[44]
Cell user_analog_project_wrapper disconnected node: la_oenb[45]
Cell user_analog_project_wrapper disconnected node: la_oenb[46]
Cell user_analog_project_wrapper disconnected node: la_oenb[47]
Cell user_analog_project_wrapper disconnected node: la_oenb[48]
Cell user_analog_project_wrapper disconnected node: la_oenb[49]
Cell user_analog_project_wrapper disconnected node: la_oenb[4]
Cell user_analog_project_wrapper disconnected node: la_oenb[50]
Cell user_analog_project_wrapper disconnected node: la_oenb[51]
Cell user_analog_project_wrapper disconnected node: la_oenb[52]
Cell user_analog_project_wrapper disconnected node: la_oenb[53]
Cell user_analog_project_wrapper disconnected node: la_oenb[54]
Cell user_analog_project_wrapper disconnected node: la_oenb[55]
Cell user_analog_project_wrapper disconnected node: la_oenb[56]
Cell user_analog_project_wrapper disconnected node: la_oenb[57]
Cell user_analog_project_wrapper disconnected node: la_oenb[58]
Cell user_analog_project_wrapper disconnected node: la_oenb[59]
Cell user_analog_project_wrapper disconnected node: la_oenb[5]
Cell user_analog_project_wrapper disconnected node: la_oenb[60]
Cell user_analog_project_wrapper disconnected node: la_oenb[61]
Cell user_analog_project_wrapper disconnected node: la_oenb[62]
Cell user_analog_project_wrapper disconnected node: la_oenb[63]
Cell user_analog_project_wrapper disconnected node: la_oenb[64]
Cell user_analog_project_wrapper disconnected node: la_oenb[65]
Cell user_analog_project_wrapper disconnected node: la_oenb[66]
Cell user_analog_project_wrapper disconnected node: la_oenb[67]
Cell user_analog_project_wrapper disconnected node: la_oenb[68]
Cell user_analog_project_wrapper disconnected node: la_oenb[69]
Cell user_analog_project_wrapper disconnected node: la_oenb[6]
Cell user_analog_project_wrapper disconnected node: la_oenb[70]
Cell user_analog_project_wrapper disconnected node: la_oenb[71]
Cell user_analog_project_wrapper disconnected node: la_oenb[72]
Cell user_analog_project_wrapper disconnected node: la_oenb[73]
Cell user_analog_project_wrapper disconnected node: la_oenb[74]
Cell user_analog_project_wrapper disconnected node: la_oenb[75]
Cell user_analog_project_wrapper disconnected node: la_oenb[76]
Cell user_analog_project_wrapper disconnected node: la_oenb[77]
Cell user_analog_project_wrapper disconnected node: la_oenb[78]
Cell user_analog_project_wrapper disconnected node: la_oenb[79]
Cell user_analog_project_wrapper disconnected node: la_oenb[7]
Cell user_analog_project_wrapper disconnected node: la_oenb[80]
Cell user_analog_project_wrapper disconnected node: la_oenb[81]
Cell user_analog_project_wrapper disconnected node: la_oenb[82]
Cell user_analog_project_wrapper disconnected node: la_oenb[83]
Cell user_analog_project_wrapper disconnected node: la_oenb[84]
Cell user_analog_project_wrapper disconnected node: la_oenb[85]
Cell user_analog_project_wrapper disconnected node: la_oenb[86]
Cell user_analog_project_wrapper disconnected node: la_oenb[87]
Cell user_analog_project_wrapper disconnected node: la_oenb[88]
Cell user_analog_project_wrapper disconnected node: la_oenb[89]
Cell user_analog_project_wrapper disconnected node: la_oenb[8]
Cell user_analog_project_wrapper disconnected node: la_oenb[90]
Cell user_analog_project_wrapper disconnected node: la_oenb[91]
Cell user_analog_project_wrapper disconnected node: la_oenb[92]
Cell user_analog_project_wrapper disconnected node: la_oenb[93]
Cell user_analog_project_wrapper disconnected node: la_oenb[94]
Cell user_analog_project_wrapper disconnected node: la_oenb[95]
Cell user_analog_project_wrapper disconnected node: la_oenb[96]
Cell user_analog_project_wrapper disconnected node: la_oenb[97]
Cell user_analog_project_wrapper disconnected node: la_oenb[98]
Cell user_analog_project_wrapper disconnected node: la_oenb[99]
Cell user_analog_project_wrapper disconnected node: la_oenb[9]
Cell user_analog_project_wrapper disconnected node: user_clock2
Cell user_analog_project_wrapper disconnected node: user_irq[0]
Cell user_analog_project_wrapper disconnected node: user_irq[1]
Cell user_analog_project_wrapper disconnected node: user_irq[2]
Cell user_analog_project_wrapper disconnected node: vdda2
Cell user_analog_project_wrapper disconnected node: vssd1
Cell user_analog_project_wrapper disconnected node: wb_clk_i
Cell user_analog_project_wrapper disconnected node: wb_rst_i
Cell user_analog_project_wrapper disconnected node: wbs_ack_o
Cell user_analog_project_wrapper disconnected node: wbs_adr_i[0]
Cell user_analog_project_wrapper disconnected node: wbs_adr_i[10]
Cell user_analog_project_wrapper disconnected node: wbs_adr_i[11]
Cell user_analog_project_wrapper disconnected node: wbs_adr_i[12]
Cell user_analog_project_wrapper disconnected node: wbs_adr_i[13]
Cell user_analog_project_wrapper disconnected node: wbs_adr_i[14]
Cell user_analog_project_wrapper disconnected node: wbs_adr_i[15]
Cell user_analog_project_wrapper disconnected node: wbs_adr_i[16]
Cell user_analog_project_wrapper disconnected node: wbs_adr_i[17]
Cell user_analog_project_wrapper disconnected node: wbs_adr_i[18]
Cell user_analog_project_wrapper disconnected node: wbs_adr_i[19]
Cell user_analog_project_wrapper disconnected node: wbs_adr_i[1]
Cell user_analog_project_wrapper disconnected node: wbs_adr_i[20]
Cell user_analog_project_wrapper disconnected node: wbs_adr_i[21]
Cell user_analog_project_wrapper disconnected node: wbs_adr_i[22]
Cell user_analog_project_wrapper disconnected node: wbs_adr_i[23]
Cell user_analog_project_wrapper disconnected node: wbs_adr_i[24]
Cell user_analog_project_wrapper disconnected node: wbs_adr_i[25]
Cell user_analog_project_wrapper disconnected node: wbs_adr_i[26]
Cell user_analog_project_wrapper disconnected node: wbs_adr_i[27]
Cell user_analog_project_wrapper disconnected node: wbs_adr_i[28]
Cell user_analog_project_wrapper disconnected node: wbs_adr_i[29]
Cell user_analog_project_wrapper disconnected node: wbs_adr_i[2]
Cell user_analog_project_wrapper disconnected node: wbs_adr_i[30]
Cell user_analog_project_wrapper disconnected node: wbs_adr_i[31]
Cell user_analog_project_wrapper disconnected node: wbs_adr_i[3]
Cell user_analog_project_wrapper disconnected node: wbs_adr_i[4]
Cell user_analog_project_wrapper disconnected node: wbs_adr_i[5]
Cell user_analog_project_wrapper disconnected node: wbs_adr_i[6]
Cell user_analog_project_wrapper disconnected node: wbs_adr_i[7]
Cell user_analog_project_wrapper disconnected node: wbs_adr_i[8]
Cell user_analog_project_wrapper disconnected node: wbs_adr_i[9]
Cell user_analog_project_wrapper disconnected node: wbs_cyc_i
Cell user_analog_project_wrapper disconnected node: wbs_dat_i[0]
Cell user_analog_project_wrapper disconnected node: wbs_dat_i[10]
Cell user_analog_project_wrapper disconnected node: wbs_dat_i[11]
Cell user_analog_project_wrapper disconnected node: wbs_dat_i[12]
Cell user_analog_project_wrapper disconnected node: wbs_dat_i[13]
Cell user_analog_project_wrapper disconnected node: wbs_dat_i[14]
Cell user_analog_project_wrapper disconnected node: wbs_dat_i[15]
Cell user_analog_project_wrapper disconnected node: wbs_dat_i[16]
Cell user_analog_project_wrapper disconnected node: wbs_dat_i[17]
Cell user_analog_project_wrapper disconnected node: wbs_dat_i[18]
Cell user_analog_project_wrapper disconnected node: wbs_dat_i[19]
Cell user_analog_project_wrapper disconnected node: wbs_dat_i[1]
Cell user_analog_project_wrapper disconnected node: wbs_dat_i[20]
Cell user_analog_project_wrapper disconnected node: wbs_dat_i[21]
Cell user_analog_project_wrapper disconnected node: wbs_dat_i[22]
Cell user_analog_project_wrapper disconnected node: wbs_dat_i[23]
Cell user_analog_project_wrapper disconnected node: wbs_dat_i[24]
Cell user_analog_project_wrapper disconnected node: wbs_dat_i[25]
Cell user_analog_project_wrapper disconnected node: wbs_dat_i[26]
Cell user_analog_project_wrapper disconnected node: wbs_dat_i[27]
Cell user_analog_project_wrapper disconnected node: wbs_dat_i[28]
Cell user_analog_project_wrapper disconnected node: wbs_dat_i[29]
Cell user_analog_project_wrapper disconnected node: wbs_dat_i[2]
Cell user_analog_project_wrapper disconnected node: wbs_dat_i[30]
Cell user_analog_project_wrapper disconnected node: wbs_dat_i[31]
Cell user_analog_project_wrapper disconnected node: wbs_dat_i[3]
Cell user_analog_project_wrapper disconnected node: wbs_dat_i[4]
Cell user_analog_project_wrapper disconnected node: wbs_dat_i[5]
Cell user_analog_project_wrapper disconnected node: wbs_dat_i[6]
Cell user_analog_project_wrapper disconnected node: wbs_dat_i[7]
Cell user_analog_project_wrapper disconnected node: wbs_dat_i[8]
Cell user_analog_project_wrapper disconnected node: wbs_dat_i[9]
Cell user_analog_project_wrapper disconnected node: wbs_dat_o[0]
Cell user_analog_project_wrapper disconnected node: wbs_dat_o[10]
Cell user_analog_project_wrapper disconnected node: wbs_dat_o[11]
Cell user_analog_project_wrapper disconnected node: wbs_dat_o[12]
Cell user_analog_project_wrapper disconnected node: wbs_dat_o[13]
Cell user_analog_project_wrapper disconnected node: wbs_dat_o[14]
Cell user_analog_project_wrapper disconnected node: wbs_dat_o[15]
Cell user_analog_project_wrapper disconnected node: wbs_dat_o[16]
Cell user_analog_project_wrapper disconnected node: wbs_dat_o[17]
Cell user_analog_project_wrapper disconnected node: wbs_dat_o[18]
Cell user_analog_project_wrapper disconnected node: wbs_dat_o[19]
Cell user_analog_project_wrapper disconnected node: wbs_dat_o[1]
Cell user_analog_project_wrapper disconnected node: wbs_dat_o[20]
Cell user_analog_project_wrapper disconnected node: wbs_dat_o[21]
Cell user_analog_project_wrapper disconnected node: wbs_dat_o[22]
Cell user_analog_project_wrapper disconnected node: wbs_dat_o[23]
Cell user_analog_project_wrapper disconnected node: wbs_dat_o[24]
Cell user_analog_project_wrapper disconnected node: wbs_dat_o[25]
Cell user_analog_project_wrapper disconnected node: wbs_dat_o[26]
Cell user_analog_project_wrapper disconnected node: wbs_dat_o[27]
Cell user_analog_project_wrapper disconnected node: wbs_dat_o[28]
Cell user_analog_project_wrapper disconnected node: wbs_dat_o[29]
Cell user_analog_project_wrapper disconnected node: wbs_dat_o[2]
Cell user_analog_project_wrapper disconnected node: wbs_dat_o[30]
Cell user_analog_project_wrapper disconnected node: wbs_dat_o[31]
Cell user_analog_project_wrapper disconnected node: wbs_dat_o[3]
Cell user_analog_project_wrapper disconnected node: wbs_dat_o[4]
Cell user_analog_project_wrapper disconnected node: wbs_dat_o[5]
Cell user_analog_project_wrapper disconnected node: wbs_dat_o[6]
Cell user_analog_project_wrapper disconnected node: wbs_dat_o[7]
Cell user_analog_project_wrapper disconnected node: wbs_dat_o[8]
Cell user_analog_project_wrapper disconnected node: wbs_dat_o[9]
Cell user_analog_project_wrapper disconnected node: wbs_sel_i[0]
Cell user_analog_project_wrapper disconnected node: wbs_sel_i[1]
Cell user_analog_project_wrapper disconnected node: wbs_sel_i[2]
Cell user_analog_project_wrapper disconnected node: wbs_sel_i[3]
Cell user_analog_project_wrapper disconnected node: wbs_stb_i
Cell user_analog_project_wrapper disconnected node: wbs_we_i
Cell user_analog_project_wrapper disconnected node: vssa1

Cell user_analog_project_wrapper disconnected node: vdda2
Cell user_analog_project_wrapper disconnected node: vssd1
Cell user_analog_project_wrapper disconnected node: wb_clk_i
Cell user_analog_project_wrapper disconnected node: wb_rst_i
Cell user_analog_project_wrapper disconnected node: wbs_stb_i
Cell user_analog_project_wrapper disconnected node: wbs_cyc_i
Cell user_analog_project_wrapper disconnected node: wbs_we_i
Cell user_analog_project_wrapper disconnected node: wbs_sel_i[3]
Cell user_analog_project_wrapper disconnected node: wbs_sel_i[2]
Cell user_analog_project_wrapper disconnected node: wbs_sel_i[1]
Cell user_analog_project_wrapper disconnected node: wbs_sel_i[0]
Cell user_analog_project_wrapper disconnected node: wbs_dat_i[31]
Cell user_analog_project_wrapper disconnected node: wbs_dat_i[30]
Cell user_analog_project_wrapper disconnected node: wbs_dat_i[29]
Cell user_analog_project_wrapper disconnected node: wbs_dat_i[28]
Cell user_analog_project_wrapper disconnected node: wbs_dat_i[27]
Cell user_analog_project_wrapper disconnected node: wbs_dat_i[26]
Cell user_analog_project_wrapper disconnected node: wbs_dat_i[25]
Cell user_analog_project_wrapper disconnected node: wbs_dat_i[24]
Cell user_analog_project_wrapper disconnected node: wbs_dat_i[23]
Cell user_analog_project_wrapper disconnected node: wbs_dat_i[22]
Cell user_analog_project_wrapper disconnected node: wbs_dat_i[21]
Cell user_analog_project_wrapper disconnected node: wbs_dat_i[20]
Cell user_analog_project_wrapper disconnected node: wbs_dat_i[19]
Cell user_analog_project_wrapper disconnected node: wbs_dat_i[18]
Cell user_analog_project_wrapper disconnected node: wbs_dat_i[17]
Cell user_analog_project_wrapper disconnected node: wbs_dat_i[16]
Cell user_analog_project_wrapper disconnected node: wbs_dat_i[15]
Cell user_analog_project_wrapper disconnected node: wbs_dat_i[14]
Cell user_analog_project_wrapper disconnected node: wbs_dat_i[13]
Cell user_analog_project_wrapper disconnected node: wbs_dat_i[12]
Cell user_analog_project_wrapper disconnected node: wbs_dat_i[11]
Cell user_analog_project_wrapper disconnected node: wbs_dat_i[10]
Cell user_analog_project_wrapper disconnected node: wbs_dat_i[9]
Cell user_analog_project_wrapper disconnected node: wbs_dat_i[8]
Cell user_analog_project_wrapper disconnected node: wbs_dat_i[7]
Cell user_analog_project_wrapper disconnected node: wbs_dat_i[6]
Cell user_analog_project_wrapper disconnected node: wbs_dat_i[5]
Cell user_analog_project_wrapper disconnected node: wbs_dat_i[4]
Cell user_analog_project_wrapper disconnected node: wbs_dat_i[3]
Cell user_analog_project_wrapper disconnected node: wbs_dat_i[2]
Cell user_analog_project_wrapper disconnected node: wbs_dat_i[1]
Cell user_analog_project_wrapper disconnected node: wbs_dat_i[0]
Cell user_analog_project_wrapper disconnected node: wbs_adr_i[31]
Cell user_analog_project_wrapper disconnected node: wbs_adr_i[30]
Cell user_analog_project_wrapper disconnected node: wbs_adr_i[29]
Cell user_analog_project_wrapper disconnected node: wbs_adr_i[28]
Cell user_analog_project_wrapper disconnected node: wbs_adr_i[27]
Cell user_analog_project_wrapper disconnected node: wbs_adr_i[26]
Cell user_analog_project_wrapper disconnected node: wbs_adr_i[25]
Cell user_analog_project_wrapper disconnected node: wbs_adr_i[24]
Cell user_analog_project_wrapper disconnected node: wbs_adr_i[23]
Cell user_analog_project_wrapper disconnected node: wbs_adr_i[22]
Cell user_analog_project_wrapper disconnected node: wbs_adr_i[21]
Cell user_analog_project_wrapper disconnected node: wbs_adr_i[20]
Cell user_analog_project_wrapper disconnected node: wbs_adr_i[19]
Cell user_analog_project_wrapper disconnected node: wbs_adr_i[18]
Cell user_analog_project_wrapper disconnected node: wbs_adr_i[17]
Cell user_analog_project_wrapper disconnected node: wbs_adr_i[16]
Cell user_analog_project_wrapper disconnected node: wbs_adr_i[15]
Cell user_analog_project_wrapper disconnected node: wbs_adr_i[14]
Cell user_analog_project_wrapper disconnected node: wbs_adr_i[13]
Cell user_analog_project_wrapper disconnected node: wbs_adr_i[12]
Cell user_analog_project_wrapper disconnected node: wbs_adr_i[11]
Cell user_analog_project_wrapper disconnected node: wbs_adr_i[10]
Cell user_analog_project_wrapper disconnected node: wbs_adr_i[9]
Cell user_analog_project_wrapper disconnected node: wbs_adr_i[8]
Cell user_analog_project_wrapper disconnected node: wbs_adr_i[7]
Cell user_analog_project_wrapper disconnected node: wbs_adr_i[6]
Cell user_analog_project_wrapper disconnected node: wbs_adr_i[5]
Cell user_analog_project_wrapper disconnected node: wbs_adr_i[4]
Cell user_analog_project_wrapper disconnected node: wbs_adr_i[3]
Cell user_analog_project_wrapper disconnected node: wbs_adr_i[2]
Cell user_analog_project_wrapper disconnected node: wbs_adr_i[1]
Cell user_analog_project_wrapper disconnected node: wbs_adr_i[0]
Cell user_analog_project_wrapper disconnected node: wbs_ack_o
Cell user_analog_project_wrapper disconnected node: wbs_dat_o[31]
Cell user_analog_project_wrapper disconnected node: wbs_dat_o[30]
Cell user_analog_project_wrapper disconnected node: wbs_dat_o[29]
Cell user_analog_project_wrapper disconnected node: wbs_dat_o[28]
Cell user_analog_project_wrapper disconnected node: wbs_dat_o[27]
Cell user_analog_project_wrapper disconnected node: wbs_dat_o[26]
Cell user_analog_project_wrapper disconnected node: wbs_dat_o[25]
Cell user_analog_project_wrapper disconnected node: wbs_dat_o[24]
Cell user_analog_project_wrapper disconnected node: wbs_dat_o[23]
Cell user_analog_project_wrapper disconnected node: wbs_dat_o[22]
Cell user_analog_project_wrapper disconnected node: wbs_dat_o[21]
Cell user_analog_project_wrapper disconnected node: wbs_dat_o[20]
Cell user_analog_project_wrapper disconnected node: wbs_dat_o[19]
Cell user_analog_project_wrapper disconnected node: wbs_dat_o[18]
Cell user_analog_project_wrapper disconnected node: wbs_dat_o[17]
Cell user_analog_project_wrapper disconnected node: wbs_dat_o[16]
Cell user_analog_project_wrapper disconnected node: wbs_dat_o[15]
Cell user_analog_project_wrapper disconnected node: wbs_dat_o[14]
Cell user_analog_project_wrapper disconnected node: wbs_dat_o[13]
Cell user_analog_project_wrapper disconnected node: wbs_dat_o[12]
Cell user_analog_project_wrapper disconnected node: wbs_dat_o[11]
Cell user_analog_project_wrapper disconnected node: wbs_dat_o[10]
Cell user_analog_project_wrapper disconnected node: wbs_dat_o[9]
Cell user_analog_project_wrapper disconnected node: wbs_dat_o[8]
Cell user_analog_project_wrapper disconnected node: wbs_dat_o[7]
Cell user_analog_project_wrapper disconnected node: wbs_dat_o[6]
Cell user_analog_project_wrapper disconnected node: wbs_dat_o[5]
Cell user_analog_project_wrapper disconnected node: wbs_dat_o[4]
Cell user_analog_project_wrapper disconnected node: wbs_dat_o[3]
Cell user_analog_project_wrapper disconnected node: wbs_dat_o[2]
Cell user_analog_project_wrapper disconnected node: wbs_dat_o[1]
Cell user_analog_project_wrapper disconnected node: wbs_dat_o[0]
Cell user_analog_project_wrapper disconnected node: la_data_in[119]
Cell user_analog_project_wrapper disconnected node: la_data_in[118]
Cell user_analog_project_wrapper disconnected node: la_data_in[117]
Cell user_analog_project_wrapper disconnected node: la_data_in[116]
Cell user_analog_project_wrapper disconnected node: la_data_in[115]
Cell user_analog_project_wrapper disconnected node: la_data_in[114]
Cell user_analog_project_wrapper disconnected node: la_data_in[113]
Cell user_analog_project_wrapper disconnected node: la_data_in[112]
Cell user_analog_project_wrapper disconnected node: la_data_in[111]
Cell user_analog_project_wrapper disconnected node: la_data_in[110]
Cell user_analog_project_wrapper disconnected node: la_data_in[109]
Cell user_analog_project_wrapper disconnected node: la_data_in[108]
Cell user_analog_project_wrapper disconnected node: la_data_in[107]
Cell user_analog_project_wrapper disconnected node: la_data_in[106]
Cell user_analog_project_wrapper disconnected node: la_data_in[105]
Cell user_analog_project_wrapper disconnected node: la_data_in[104]
Cell user_analog_project_wrapper disconnected node: la_data_in[103]
Cell user_analog_project_wrapper disconnected node: la_data_in[102]
Cell user_analog_project_wrapper disconnected node: la_data_in[101]
Cell user_analog_project_wrapper disconnected node: la_data_in[100]
Cell user_analog_project_wrapper disconnected node: la_data_in[99]
Cell user_analog_project_wrapper disconnected node: la_data_in[98]
Cell user_analog_project_wrapper disconnected node: la_data_in[97]
Cell user_analog_project_wrapper disconnected node: la_data_in[96]
Cell user_analog_project_wrapper disconnected node: la_data_in[95]
Cell user_analog_project_wrapper disconnected node: la_data_in[94]
Cell user_analog_project_wrapper disconnected node: la_data_in[93]
Cell user_analog_project_wrapper disconnected node: la_data_in[92]
Cell user_analog_project_wrapper disconnected node: la_data_in[91]
Cell user_analog_project_wrapper disconnected node: la_data_in[90]
Cell user_analog_project_wrapper disconnected node: la_data_in[89]
Cell user_analog_project_wrapper disconnected node: la_data_in[88]
Cell user_analog_project_wrapper disconnected node: la_data_in[87]
Cell user_analog_project_wrapper disconnected node: la_data_in[86]
Cell user_analog_project_wrapper disconnected node: la_data_in[85]
Cell user_analog_project_wrapper disconnected node: la_data_in[84]
Cell user_analog_project_wrapper disconnected node: la_data_in[83]
Cell user_analog_project_wrapper disconnected node: la_data_in[82]
Cell user_analog_project_wrapper disconnected node: la_data_in[81]
Cell user_analog_project_wrapper disconnected node: la_data_in[80]
Cell user_analog_project_wrapper disconnected node: la_data_in[79]
Cell user_analog_project_wrapper disconnected node: la_data_in[78]
Cell user_analog_project_wrapper disconnected node: la_data_in[77]
Cell user_analog_project_wrapper disconnected node: la_data_in[76]
Cell user_analog_project_wrapper disconnected node: la_data_in[75]
Cell user_analog_project_wrapper disconnected node: la_data_in[74]
Cell user_analog_project_wrapper disconnected node: la_data_in[73]
Cell user_analog_project_wrapper disconnected node: la_data_in[72]
Cell user_analog_project_wrapper disconnected node: la_data_in[71]
Cell user_analog_project_wrapper disconnected node: la_data_in[70]
Cell user_analog_project_wrapper disconnected node: la_data_in[69]
Cell user_analog_project_wrapper disconnected node: la_data_in[68]
Cell user_analog_project_wrapper disconnected node: la_data_in[67]
Cell user_analog_project_wrapper disconnected node: la_data_in[66]
Cell user_analog_project_wrapper disconnected node: la_data_in[65]
Cell user_analog_project_wrapper disconnected node: la_data_in[64]
Cell user_analog_project_wrapper disconnected node: la_data_in[63]
Cell user_analog_project_wrapper disconnected node: la_data_in[62]
Cell user_analog_project_wrapper disconnected node: la_data_in[61]
Cell user_analog_project_wrapper disconnected node: la_data_in[60]
Cell user_analog_project_wrapper disconnected node: la_data_in[59]
Cell user_analog_project_wrapper disconnected node: la_data_in[58]
Cell user_analog_project_wrapper disconnected node: la_data_in[57]
Cell user_analog_project_wrapper disconnected node: la_data_in[56]
Cell user_analog_project_wrapper disconnected node: la_data_in[55]
Cell user_analog_project_wrapper disconnected node: la_data_in[54]
Cell user_analog_project_wrapper disconnected node: la_data_in[53]
Cell user_analog_project_wrapper disconnected node: la_data_in[52]
Cell user_analog_project_wrapper disconnected node: la_data_in[51]
Cell user_analog_project_wrapper disconnected node: la_data_in[50]
Cell user_analog_project_wrapper disconnected node: la_data_in[49]
Cell user_analog_project_wrapper disconnected node: la_data_in[48]
Cell user_analog_project_wrapper disconnected node: la_data_in[47]
Cell user_analog_project_wrapper disconnected node: la_data_in[46]
Cell user_analog_project_wrapper disconnected node: la_data_in[45]
Cell user_analog_project_wrapper disconnected node: la_data_in[44]
Cell user_analog_project_wrapper disconnected node: la_data_in[43]
Cell user_analog_project_wrapper disconnected node: la_data_in[42]
Cell user_analog_project_wrapper disconnected node: la_data_in[41]
Cell user_analog_project_wrapper disconnected node: la_data_in[40]
Cell user_analog_project_wrapper disconnected node: la_data_in[39]
Cell user_analog_project_wrapper disconnected node: la_data_in[38]
Cell user_analog_project_wrapper disconnected node: la_data_in[37]
Cell user_analog_project_wrapper disconnected node: la_data_in[36]
Cell user_analog_project_wrapper disconnected node: la_data_in[35]
Cell user_analog_project_wrapper disconnected node: la_data_in[34]
Cell user_analog_project_wrapper disconnected node: la_data_in[33]
Cell user_analog_project_wrapper disconnected node: la_data_in[8]
Cell user_analog_project_wrapper disconnected node: la_data_in[7]
Cell user_analog_project_wrapper disconnected node: la_data_in[6]
Cell user_analog_project_wrapper disconnected node: la_data_in[5]
Cell user_analog_project_wrapper disconnected node: la_data_in[4]
Cell user_analog_project_wrapper disconnected node: la_data_in[3]
Cell user_analog_project_wrapper disconnected node: la_data_in[2]
Cell user_analog_project_wrapper disconnected node: la_data_in[1]
Cell user_analog_project_wrapper disconnected node: la_data_in[0]
Cell user_analog_project_wrapper disconnected node: la_data_out[127]
Cell user_analog_project_wrapper disconnected node: la_data_out[126]
Cell user_analog_project_wrapper disconnected node: la_data_out[125]
Cell user_analog_project_wrapper disconnected node: la_data_out[124]
Cell user_analog_project_wrapper disconnected node: la_data_out[123]
Cell user_analog_project_wrapper disconnected node: la_data_out[122]
Cell user_analog_project_wrapper disconnected node: la_data_out[121]
Cell user_analog_project_wrapper disconnected node: la_data_out[120]
Cell user_analog_project_wrapper disconnected node: la_data_out[119]
Cell user_analog_project_wrapper disconnected node: la_data_out[110]
Cell user_analog_project_wrapper disconnected node: la_data_out[109]
Cell user_analog_project_wrapper disconnected node: la_data_out[108]
Cell user_analog_project_wrapper disconnected node: la_data_out[107]
Cell user_analog_project_wrapper disconnected node: la_data_out[106]
Cell user_analog_project_wrapper disconnected node: la_data_out[105]
Cell user_analog_project_wrapper disconnected node: la_data_out[104]
Cell user_analog_project_wrapper disconnected node: la_data_out[103]
Cell user_analog_project_wrapper disconnected node: la_data_out[102]
Cell user_analog_project_wrapper disconnected node: la_data_out[101]
Cell user_analog_project_wrapper disconnected node: la_data_out[100]
Cell user_analog_project_wrapper disconnected node: la_data_out[99]
Cell user_analog_project_wrapper disconnected node: la_data_out[98]
Cell user_analog_project_wrapper disconnected node: la_data_out[97]
Cell user_analog_project_wrapper disconnected node: la_data_out[96]
Cell user_analog_project_wrapper disconnected node: la_data_out[95]
Cell user_analog_project_wrapper disconnected node: la_data_out[94]
Cell user_analog_project_wrapper disconnected node: la_data_out[93]
Cell user_analog_project_wrapper disconnected node: la_data_out[92]
Cell user_analog_project_wrapper disconnected node: la_data_out[91]
Cell user_analog_project_wrapper disconnected node: la_data_out[90]
Cell user_analog_project_wrapper disconnected node: la_data_out[89]
Cell user_analog_project_wrapper disconnected node: la_data_out[88]
Cell user_analog_project_wrapper disconnected node: la_data_out[87]
Cell user_analog_project_wrapper disconnected node: la_data_out[86]
Cell user_analog_project_wrapper disconnected node: la_data_out[85]
Cell user_analog_project_wrapper disconnected node: la_data_out[84]
Cell user_analog_project_wrapper disconnected node: la_data_out[83]
Cell user_analog_project_wrapper disconnected node: la_data_out[82]
Cell user_analog_project_wrapper disconnected node: la_data_out[81]
Cell user_analog_project_wrapper disconnected node: la_data_out[80]
Cell user_analog_project_wrapper disconnected node: la_data_out[79]
Cell user_analog_project_wrapper disconnected node: la_data_out[78]
Cell user_analog_project_wrapper disconnected node: la_data_out[77]
Cell user_analog_project_wrapper disconnected node: la_data_out[76]
Cell user_analog_project_wrapper disconnected node: la_data_out[75]
Cell user_analog_project_wrapper disconnected node: la_data_out[74]
Cell user_analog_project_wrapper disconnected node: la_data_out[73]
Cell user_analog_project_wrapper disconnected node: la_data_out[72]
Cell user_analog_project_wrapper disconnected node: la_data_out[71]
Cell user_analog_project_wrapper disconnected node: la_data_out[70]
Cell user_analog_project_wrapper disconnected node: la_data_out[69]
Cell user_analog_project_wrapper disconnected node: la_data_out[68]
Cell user_analog_project_wrapper disconnected node: la_data_out[67]
Cell user_analog_project_wrapper disconnected node: la_data_out[66]
Cell user_analog_project_wrapper disconnected node: la_data_out[65]
Cell user_analog_project_wrapper disconnected node: la_data_out[64]
Cell user_analog_project_wrapper disconnected node: la_data_out[63]
Cell user_analog_project_wrapper disconnected node: la_data_out[62]
Cell user_analog_project_wrapper disconnected node: la_data_out[61]
Cell user_analog_project_wrapper disconnected node: la_data_out[60]
Cell user_analog_project_wrapper disconnected node: la_data_out[59]
Cell user_analog_project_wrapper disconnected node: la_data_out[58]
Cell user_analog_project_wrapper disconnected node: la_data_out[57]
Cell user_analog_project_wrapper disconnected node: la_data_out[56]
Cell user_analog_project_wrapper disconnected node: la_data_out[55]
Cell user_analog_project_wrapper disconnected node: la_data_out[54]
Cell user_analog_project_wrapper disconnected node: la_data_out[53]
Cell user_analog_project_wrapper disconnected node: la_data_out[52]
Cell user_analog_project_wrapper disconnected node: la_data_out[51]
Cell user_analog_project_wrapper disconnected node: la_data_out[50]
Cell user_analog_project_wrapper disconnected node: la_data_out[49]
Cell user_analog_project_wrapper disconnected node: la_data_out[48]
Cell user_analog_project_wrapper disconnected node: la_data_out[47]
Cell user_analog_project_wrapper disconnected node: la_data_out[46]
Cell user_analog_project_wrapper disconnected node: la_data_out[45]
Cell user_analog_project_wrapper disconnected node: la_data_out[44]
Cell user_analog_project_wrapper disconnected node: la_data_out[43]
Cell user_analog_project_wrapper disconnected node: la_data_out[42]
Cell user_analog_project_wrapper disconnected node: la_data_out[41]
Cell user_analog_project_wrapper disconnected node: la_data_out[40]
Cell user_analog_project_wrapper disconnected node: la_data_out[39]
Cell user_analog_project_wrapper disconnected node: la_data_out[38]
Cell user_analog_project_wrapper disconnected node: la_data_out[37]
Cell user_analog_project_wrapper disconnected node: la_data_out[36]
Cell user_analog_project_wrapper disconnected node: la_data_out[35]
Cell user_analog_project_wrapper disconnected node: la_data_out[34]
Cell user_analog_project_wrapper disconnected node: la_data_out[33]
Cell user_analog_project_wrapper disconnected node: la_data_out[32]
Cell user_analog_project_wrapper disconnected node: la_data_out[31]
Cell user_analog_project_wrapper disconnected node: la_data_out[30]
Cell user_analog_project_wrapper disconnected node: la_data_out[29]
Cell user_analog_project_wrapper disconnected node: la_data_out[28]
Cell user_analog_project_wrapper disconnected node: la_data_out[27]
Cell user_analog_project_wrapper disconnected node: la_data_out[26]
Cell user_analog_project_wrapper disconnected node: la_data_out[25]
Cell user_analog_project_wrapper disconnected node: la_data_out[24]
Cell user_analog_project_wrapper disconnected node: la_data_out[23]
Cell user_analog_project_wrapper disconnected node: la_data_out[22]
Cell user_analog_project_wrapper disconnected node: la_data_out[21]
Cell user_analog_project_wrapper disconnected node: la_data_out[20]
Cell user_analog_project_wrapper disconnected node: la_data_out[19]
Cell user_analog_project_wrapper disconnected node: la_data_out[18]
Cell user_analog_project_wrapper disconnected node: la_data_out[17]
Cell user_analog_project_wrapper disconnected node: la_data_out[16]
Cell user_analog_project_wrapper disconnected node: la_data_out[15]
Cell user_analog_project_wrapper disconnected node: la_data_out[14]
Cell user_analog_project_wrapper disconnected node: la_data_out[13]
Cell user_analog_project_wrapper disconnected node: la_data_out[12]
Cell user_analog_project_wrapper disconnected node: la_data_out[11]
Cell user_analog_project_wrapper disconnected node: la_data_out[10]
Cell user_analog_project_wrapper disconnected node: la_data_out[9]
Cell user_analog_project_wrapper disconnected node: la_data_out[0]
Cell user_analog_project_wrapper disconnected node: io_in[26]
Cell user_analog_project_wrapper disconnected node: io_in[25]
Cell user_analog_project_wrapper disconnected node: io_in[24]
Cell user_analog_project_wrapper disconnected node: io_in[23]
Cell user_analog_project_wrapper disconnected node: io_in[22]
Cell user_analog_project_wrapper disconnected node: io_in[21]
Cell user_analog_project_wrapper disconnected node: io_in[20]
Cell user_analog_project_wrapper disconnected node: io_in[19]
Cell user_analog_project_wrapper disconnected node: io_in[18]
Cell user_analog_project_wrapper disconnected node: io_in[17]
Cell user_analog_project_wrapper disconnected node: io_in[16]
Cell user_analog_project_wrapper disconnected node: io_in[15]
Cell user_analog_project_wrapper disconnected node: io_in[14]
Cell user_analog_project_wrapper disconnected node: io_in[13]
Cell user_analog_project_wrapper disconnected node: io_in[12]
Cell user_analog_project_wrapper disconnected node: io_in[11]
Cell user_analog_project_wrapper disconnected node: io_in[10]
Cell user_analog_project_wrapper disconnected node: io_in[9]
Cell user_analog_project_wrapper disconnected node: io_in[8]
Cell user_analog_project_wrapper disconnected node: io_in[7]
Cell user_analog_project_wrapper disconnected node: io_in[4]
Cell user_analog_project_wrapper disconnected node: io_in[3]
Cell user_analog_project_wrapper disconnected node: io_in[1]
Cell user_analog_project_wrapper disconnected node: io_in[0]
Cell user_analog_project_wrapper disconnected node: io_in_3v3[26]
Cell user_analog_project_wrapper disconnected node: io_in_3v3[25]
Cell user_analog_project_wrapper disconnected node: io_in_3v3[24]
Cell user_analog_project_wrapper disconnected node: io_in_3v3[23]
Cell user_analog_project_wrapper disconnected node: io_in_3v3[22]
Cell user_analog_project_wrapper disconnected node: io_in_3v3[21]
Cell user_analog_project_wrapper disconnected node: io_in_3v3[20]
Cell user_analog_project_wrapper disconnected node: io_in_3v3[19]
Cell user_analog_project_wrapper disconnected node: io_in_3v3[18]
Cell user_analog_project_wrapper disconnected node: io_in_3v3[17]
Cell user_analog_project_wrapper disconnected node: io_in_3v3[16]
Cell user_analog_project_wrapper disconnected node: io_in_3v3[15]
Cell user_analog_project_wrapper disconnected node: io_in_3v3[14]
Cell user_analog_project_wrapper disconnected node: io_in_3v3[13]
Cell user_analog_project_wrapper disconnected node: io_in_3v3[12]
Cell user_analog_project_wrapper disconnected node: io_in_3v3[11]
Cell user_analog_project_wrapper disconnected node: io_in_3v3[10]
Cell user_analog_project_wrapper disconnected node: io_in_3v3[9]
Cell user_analog_project_wrapper disconnected node: io_in_3v3[8]
Cell user_analog_project_wrapper disconnected node: io_in_3v3[7]
Cell user_analog_project_wrapper disconnected node: io_in_3v3[6]
Cell user_analog_project_wrapper disconnected node: io_in_3v3[5]
Cell user_analog_project_wrapper disconnected node: io_in_3v3[4]
Cell user_analog_project_wrapper disconnected node: io_in_3v3[3]
Cell user_analog_project_wrapper disconnected node: io_in_3v3[2]
Cell user_analog_project_wrapper disconnected node: io_in_3v3[1]
Cell user_analog_project_wrapper disconnected node: io_in_3v3[0]
Cell user_analog_project_wrapper disconnected node: user_clock2
Cell user_analog_project_wrapper disconnected node: io_out[26]
Cell user_analog_project_wrapper disconnected node: io_out[25]
Cell user_analog_project_wrapper disconnected node: io_out[24]
Cell user_analog_project_wrapper disconnected node: io_out[23]
Cell user_analog_project_wrapper disconnected node: io_out[22]
Cell user_analog_project_wrapper disconnected node: io_out[21]
Cell user_analog_project_wrapper disconnected node: io_out[20]
Cell user_analog_project_wrapper disconnected node: io_out[19]
Cell user_analog_project_wrapper disconnected node: io_out[18]
Cell user_analog_project_wrapper disconnected node: io_out[17]
Cell user_analog_project_wrapper disconnected node: io_out[16]
Cell user_analog_project_wrapper disconnected node: io_out[15]
Cell user_analog_project_wrapper disconnected node: io_out[14]
Cell user_analog_project_wrapper disconnected node: io_out[13]
Cell user_analog_project_wrapper disconnected node: io_out[12]
Cell user_analog_project_wrapper disconnected node: io_out[11]
Cell user_analog_project_wrapper disconnected node: io_out[10]
Cell user_analog_project_wrapper disconnected node: io_out[9]
Cell user_analog_project_wrapper disconnected node: io_out[8]
Cell user_analog_project_wrapper disconnected node: io_out[7]
Cell user_analog_project_wrapper disconnected node: io_out[6]
Cell user_analog_project_wrapper disconnected node: io_out[5]
Cell user_analog_project_wrapper disconnected node: io_out[4]
Cell user_analog_project_wrapper disconnected node: io_out[3]
Cell user_analog_project_wrapper disconnected node: io_out[2]
Cell user_analog_project_wrapper disconnected node: io_out[1]
Cell user_analog_project_wrapper disconnected node: io_out[0]
Cell user_analog_project_wrapper disconnected node: io_oeb[26]
Cell user_analog_project_wrapper disconnected node: io_oeb[25]
Cell user_analog_project_wrapper disconnected node: io_oeb[24]
Cell user_analog_project_wrapper disconnected node: io_oeb[23]
Cell user_analog_project_wrapper disconnected node: io_oeb[22]
Cell user_analog_project_wrapper disconnected node: io_oeb[21]
Cell user_analog_project_wrapper disconnected node: io_oeb[20]
Cell user_analog_project_wrapper disconnected node: io_oeb[19]
Cell user_analog_project_wrapper disconnected node: io_oeb[18]
Cell user_analog_project_wrapper disconnected node: io_oeb[17]
Cell user_analog_project_wrapper disconnected node: io_oeb[16]
Cell user_analog_project_wrapper disconnected node: io_oeb[15]
Cell user_analog_project_wrapper disconnected node: io_oeb[14]
Cell user_analog_project_wrapper disconnected node: io_oeb[13]
Cell user_analog_project_wrapper disconnected node: io_oeb[12]
Cell user_analog_project_wrapper disconnected node: io_oeb[11]
Cell user_analog_project_wrapper disconnected node: io_oeb[10]
Cell user_analog_project_wrapper disconnected node: io_oeb[9]
Cell user_analog_project_wrapper disconnected node: io_oeb[8]
Cell user_analog_project_wrapper disconnected node: io_oeb[7]
Cell user_analog_project_wrapper disconnected node: io_oeb[6]
Cell user_analog_project_wrapper disconnected node: io_oeb[5]
Cell user_analog_project_wrapper disconnected node: io_oeb[4]
Cell user_analog_project_wrapper disconnected node: io_oeb[3]
Cell user_analog_project_wrapper disconnected node: io_oeb[2]
Cell user_analog_project_wrapper disconnected node: io_oeb[1]
Cell user_analog_project_wrapper disconnected node: io_oeb[0]
Cell user_analog_project_wrapper disconnected node: gpio_analog[17]
Cell user_analog_project_wrapper disconnected node: gpio_noesd[17]
Cell user_analog_project_wrapper disconnected node: gpio_noesd[16]
Cell user_analog_project_wrapper disconnected node: gpio_noesd[15]
Cell user_analog_project_wrapper disconnected node: gpio_noesd[14]
Cell user_analog_project_wrapper disconnected node: gpio_noesd[13]
Cell user_analog_project_wrapper disconnected node: gpio_noesd[12]
Cell user_analog_project_wrapper disconnected node: gpio_noesd[11]
Cell user_analog_project_wrapper disconnected node: gpio_noesd[10]
Cell user_analog_project_wrapper disconnected node: gpio_noesd[9]
Cell user_analog_project_wrapper disconnected node: gpio_noesd[8]
Cell user_analog_project_wrapper disconnected node: gpio_noesd[7]
Cell user_analog_project_wrapper disconnected node: gpio_noesd[6]
Cell user_analog_project_wrapper disconnected node: gpio_noesd[5]
Cell user_analog_project_wrapper disconnected node: gpio_noesd[4]
Cell user_analog_project_wrapper disconnected node: gpio_noesd[3]
Cell user_analog_project_wrapper disconnected node: gpio_noesd[2]
Cell user_analog_project_wrapper disconnected node: gpio_noesd[1]
Cell user_analog_project_wrapper disconnected node: gpio_noesd[0]
Cell user_analog_project_wrapper disconnected node: io_clamp_high[2]
Cell user_analog_project_wrapper disconnected node: io_clamp_high[1]
Cell user_analog_project_wrapper disconnected node: io_clamp_high[0]
Cell user_analog_project_wrapper disconnected node: io_clamp_low[2]
Cell user_analog_project_wrapper disconnected node: io_clamp_low[1]
Cell user_analog_project_wrapper disconnected node: io_clamp_low[0]
Cell user_analog_project_wrapper disconnected node: user_irq[2]
Cell user_analog_project_wrapper disconnected node: user_irq[1]
Cell user_analog_project_wrapper disconnected node: user_irq[0]
Cell user_analog_project_wrapper disconnected node: la_oenb[127]
Cell user_analog_project_wrapper disconnected node: la_oenb[126]
Cell user_analog_project_wrapper disconnected node: la_oenb[125]
Cell user_analog_project_wrapper disconnected node: la_oenb[124]
Cell user_analog_project_wrapper disconnected node: la_oenb[123]
Cell user_analog_project_wrapper disconnected node: la_oenb[122]
Cell user_analog_project_wrapper disconnected node: la_oenb[121]
Cell user_analog_project_wrapper disconnected node: la_oenb[120]
Cell user_analog_project_wrapper disconnected node: la_oenb[119]
Cell user_analog_project_wrapper disconnected node: la_oenb[118]
Cell user_analog_project_wrapper disconnected node: la_oenb[117]
Cell user_analog_project_wrapper disconnected node: la_oenb[116]
Cell user_analog_project_wrapper disconnected node: la_oenb[115]
Cell user_analog_project_wrapper disconnected node: la_oenb[114]
Cell user_analog_project_wrapper disconnected node: la_oenb[113]
Cell user_analog_project_wrapper disconnected node: la_oenb[112]
Cell user_analog_project_wrapper disconnected node: la_oenb[111]
Cell user_analog_project_wrapper disconnected node: la_oenb[110]
Cell user_analog_project_wrapper disconnected node: la_oenb[109]
Cell user_analog_project_wrapper disconnected node: la_oenb[108]
Cell user_analog_project_wrapper disconnected node: la_oenb[107]
Cell user_analog_project_wrapper disconnected node: la_oenb[106]
Cell user_analog_project_wrapper disconnected node: la_oenb[105]
Cell user_analog_project_wrapper disconnected node: la_oenb[104]
Cell user_analog_project_wrapper disconnected node: la_oenb[103]
Cell user_analog_project_wrapper disconnected node: la_oenb[102]
Cell user_analog_project_wrapper disconnected node: la_oenb[101]
Cell user_analog_project_wrapper disconnected node: la_oenb[100]
Cell user_analog_project_wrapper disconnected node: la_oenb[99]
Cell user_analog_project_wrapper disconnected node: la_oenb[98]
Cell user_analog_project_wrapper disconnected node: la_oenb[97]
Cell user_analog_project_wrapper disconnected node: la_oenb[96]
Cell user_analog_project_wrapper disconnected node: la_oenb[95]
Cell user_analog_project_wrapper disconnected node: la_oenb[94]
Cell user_analog_project_wrapper disconnected node: la_oenb[93]
Cell user_analog_project_wrapper disconnected node: la_oenb[92]
Cell user_analog_project_wrapper disconnected node: la_oenb[91]
Cell user_analog_project_wrapper disconnected node: la_oenb[90]
Cell user_analog_project_wrapper disconnected node: la_oenb[89]
Cell user_analog_project_wrapper disconnected node: la_oenb[88]
Cell user_analog_project_wrapper disconnected node: la_oenb[87]
Cell user_analog_project_wrapper disconnected node: la_oenb[86]
Cell user_analog_project_wrapper disconnected node: la_oenb[85]
Cell user_analog_project_wrapper disconnected node: la_oenb[84]
Cell user_analog_project_wrapper disconnected node: la_oenb[83]
Cell user_analog_project_wrapper disconnected node: la_oenb[82]
Cell user_analog_project_wrapper disconnected node: la_oenb[81]
Cell user_analog_project_wrapper disconnected node: la_oenb[80]
Cell user_analog_project_wrapper disconnected node: la_oenb[79]
Cell user_analog_project_wrapper disconnected node: la_oenb[78]
Cell user_analog_project_wrapper disconnected node: la_oenb[77]
Cell user_analog_project_wrapper disconnected node: la_oenb[76]
Cell user_analog_project_wrapper disconnected node: la_oenb[75]
Cell user_analog_project_wrapper disconnected node: la_oenb[74]
Cell user_analog_project_wrapper disconnected node: la_oenb[73]
Cell user_analog_project_wrapper disconnected node: la_oenb[72]
Cell user_analog_project_wrapper disconnected node: la_oenb[71]
Cell user_analog_project_wrapper disconnected node: la_oenb[70]
Cell user_analog_project_wrapper disconnected node: la_oenb[69]
Cell user_analog_project_wrapper disconnected node: la_oenb[68]
Cell user_analog_project_wrapper disconnected node: la_oenb[67]
Cell user_analog_project_wrapper disconnected node: la_oenb[66]
Cell user_analog_project_wrapper disconnected node: la_oenb[65]
Cell user_analog_project_wrapper disconnected node: la_oenb[64]
Cell user_analog_project_wrapper disconnected node: la_oenb[63]
Cell user_analog_project_wrapper disconnected node: la_oenb[62]
Cell user_analog_project_wrapper disconnected node: la_oenb[61]
Cell user_analog_project_wrapper disconnected node: la_oenb[60]
Cell user_analog_project_wrapper disconnected node: la_oenb[59]
Cell user_analog_project_wrapper disconnected node: la_oenb[58]
Cell user_analog_project_wrapper disconnected node: la_oenb[57]
Cell user_analog_project_wrapper disconnected node: la_oenb[56]
Cell user_analog_project_wrapper disconnected node: la_oenb[55]
Cell user_analog_project_wrapper disconnected node: la_oenb[54]
Cell user_analog_project_wrapper disconnected node: la_oenb[53]
Cell user_analog_project_wrapper disconnected node: la_oenb[52]
Cell user_analog_project_wrapper disconnected node: la_oenb[51]
Cell user_analog_project_wrapper disconnected node: la_oenb[50]
Cell user_analog_project_wrapper disconnected node: la_oenb[49]
Cell user_analog_project_wrapper disconnected node: la_oenb[48]
Cell user_analog_project_wrapper disconnected node: la_oenb[47]
Cell user_analog_project_wrapper disconnected node: la_oenb[46]
Cell user_analog_project_wrapper disconnected node: la_oenb[45]
Cell user_analog_project_wrapper disconnected node: la_oenb[44]
Cell user_analog_project_wrapper disconnected node: la_oenb[43]
Cell user_analog_project_wrapper disconnected node: la_oenb[42]
Cell user_analog_project_wrapper disconnected node: la_oenb[41]
Cell user_analog_project_wrapper disconnected node: la_oenb[40]
Cell user_analog_project_wrapper disconnected node: la_oenb[39]
Cell user_analog_project_wrapper disconnected node: la_oenb[38]
Cell user_analog_project_wrapper disconnected node: la_oenb[37]
Cell user_analog_project_wrapper disconnected node: la_oenb[36]
Cell user_analog_project_wrapper disconnected node: la_oenb[35]
Cell user_analog_project_wrapper disconnected node: la_oenb[34]
Cell user_analog_project_wrapper disconnected node: la_oenb[33]
Cell user_analog_project_wrapper disconnected node: la_oenb[32]
Cell user_analog_project_wrapper disconnected node: la_oenb[31]
Cell user_analog_project_wrapper disconnected node: la_oenb[30]
Cell user_analog_project_wrapper disconnected node: la_oenb[29]
Cell user_analog_project_wrapper disconnected node: la_oenb[28]
Cell user_analog_project_wrapper disconnected node: la_oenb[27]
Cell user_analog_project_wrapper disconnected node: la_oenb[26]
Cell user_analog_project_wrapper disconnected node: la_oenb[25]
Cell user_analog_project_wrapper disconnected node: la_oenb[24]
Cell user_analog_project_wrapper disconnected node: la_oenb[23]
Cell user_analog_project_wrapper disconnected node: la_oenb[22]
Cell user_analog_project_wrapper disconnected node: la_oenb[21]
Cell user_analog_project_wrapper disconnected node: la_oenb[20]
Cell user_analog_project_wrapper disconnected node: la_oenb[19]
Cell user_analog_project_wrapper disconnected node: la_oenb[18]
Cell user_analog_project_wrapper disconnected node: la_oenb[17]
Cell user_analog_project_wrapper disconnected node: la_oenb[16]
Cell user_analog_project_wrapper disconnected node: la_oenb[15]
Cell user_analog_project_wrapper disconnected node: la_oenb[14]
Cell user_analog_project_wrapper disconnected node: la_oenb[13]
Cell user_analog_project_wrapper disconnected node: la_oenb[12]
Cell user_analog_project_wrapper disconnected node: la_oenb[11]
Cell user_analog_project_wrapper disconnected node: la_oenb[10]
Cell user_analog_project_wrapper disconnected node: la_oenb[9]
Cell user_analog_project_wrapper disconnected node: la_oenb[8]
Cell user_analog_project_wrapper disconnected node: la_oenb[7]
Cell user_analog_project_wrapper disconnected node: la_oenb[6]
Cell user_analog_project_wrapper disconnected node: la_oenb[5]
Cell user_analog_project_wrapper disconnected node: la_oenb[4]
Cell user_analog_project_wrapper disconnected node: la_oenb[3]
Cell user_analog_project_wrapper disconnected node: la_oenb[2]
Cell user_analog_project_wrapper disconnected node: la_oenb[1]
Cell user_analog_project_wrapper disconnected node: la_oenb[0]

Subcircuit summary:
Circuit 1: user_analog_project_wrapper     |Circuit 2: user_analog_project_wrapper     
-------------------------------------------|-------------------------------------------
sky130_fd_pr__nfet_01v8 (221)              |sky130_fd_pr__nfet_01v8 (221)              
sky130_fd_pr__pfet_01v8_lvt (107)          |sky130_fd_pr__pfet_01v8_lvt (107)          
sky130_fd_pr__nfet_01v8_lvt (135)          |sky130_fd_pr__nfet_01v8_lvt (135)          
sky130_fd_pr__pfet_01v8 (12)               |sky130_fd_pr__pfet_01v8 (12)               
sky130_fd_pr__cap_mim_m3_1 (10)            |sky130_fd_pr__cap_mim_m3_1 (10)            
sens_amp (48)                              |sens_amp (48)                              
opamp_wrapper (2)                          |opamp_wrapper (2)                          
r (2)                                      |r (2)                                      
Number of devices: 537                     |Number of devices: 537                     
Number of nets: 417                        |Number of nets: 417                        
---------------------------------------------------------------------------------------
NET mismatches: Class fragments follow (with fanout counts):
Circuit 1: user_analog_project_wrapper     |Circuit 2: user_analog_project_wrapper     

---------------------------------------------------------------------------------------
Net: la_data_in[127]                       |Net: la_data_in[127]                       
  sky130_fd_pr__nfet_01v8/(1|3) = 12       |  sky130_fd_pr__nfet_01v8/(1|3) = 12       
                                           |                                           
Net: la_data_in[126]                       |Net: la_data_in[126]                       
  sky130_fd_pr__nfet_01v8/(1|3) = 12       |  sky130_fd_pr__nfet_01v8/(1|3) = 12       
                                           |                                           
Net: la_data_in[125]                       |Net: la_data_in[125]                       
  sky130_fd_pr__nfet_01v8/(1|3) = 12       |  sky130_fd_pr__nfet_01v8/(1|3) = 12       
                                           |                                           
Net: la_data_in[124]                       |Net: la_data_in[124]                       
  sky130_fd_pr__nfet_01v8/(1|3) = 12       |  sky130_fd_pr__nfet_01v8/(1|3) = 12       
                                           |                                           
Net: la_data_in[123]                       |Net: la_data_in[123]                       
  sky130_fd_pr__nfet_01v8/(1|3) = 9        |  sky130_fd_pr__nfet_01v8/(1|3) = 12       
                                           |                                           
Net: la_data_in[122]                       |Net: la_data_in[122]                       
  sky130_fd_pr__nfet_01v8/(1|3) = 12       |  sky130_fd_pr__nfet_01v8/(1|3) = 12       
                                           |                                           
Net: la_data_in[121]                       |Net: la_data_in[121]                       
  sky130_fd_pr__nfet_01v8/(1|3) = 12       |  sky130_fd_pr__nfet_01v8/(1|3) = 12       
                                           |                                           
Net: la_data_in[120]                       |Net: la_data_in[120]                       
  sky130_fd_pr__nfet_01v8/(1|3) = 12       |  sky130_fd_pr__nfet_01v8/(1|3) = 12       
  sens_amp/V_IN = 1                        |                                           
                                           |                                           
Net: small_array_0/bottom_right_pixel_0/GR |Net: net8[7]                               
  sky130_fd_pr__nfet_01v8/(1|3) = 3        |  sky130_fd_pr__nfet_01v8/(1|3) = 1        
                                           |  sens_amp/V_IN = 1                        
                                           |                                           
Net: bottom_pixel_0/GRAYx0x                |Net: net8[6]                               
  sky130_fd_pr__nfet_01v8/(1|3) = 1        |  sky130_fd_pr__nfet_01v8/(1|3) = 1        
                                           |  sens_amp/V_IN = 1                        
                                           |                                           
Net: bottom_pixel_0/OUTx0x                 |Net: net8[5]                               
  sky130_fd_pr__nfet_01v8/(1|3) = 1        |  sky130_fd_pr__nfet_01v8/(1|3) = 1        
  sens_amp/V_IN = 1                        |  sens_amp/V_IN = 1                        
                                           |                                           
Net: bottom_pixel_0/OUTx2x                 |Net: net8[4]                               
  sky130_fd_pr__nfet_01v8/(1|3) = 1        |  sky130_fd_pr__nfet_01v8/(1|3) = 1        
  sens_amp/V_IN = 1                        |  sens_amp/V_IN = 1                        
                                           |                                           
Net: bottom_pixel_0/OUTx6x                 |Net: net8[3]                               
  sky130_fd_pr__nfet_01v8/(1|3) = 1        |  sky130_fd_pr__nfet_01v8/(1|3) = 1        
  sens_amp/V_IN = 1                        |  sens_amp/V_IN = 1                        
                                           |                                           
Net: bottom_pixel_0/OUTx7x                 |Net: net8[2]                               
  sky130_fd_pr__nfet_01v8/(1|3) = 1        |  sky130_fd_pr__nfet_01v8/(1|3) = 1        
  sens_amp/V_IN = 1                        |  sens_amp/V_IN = 1                        
                                           |                                           
Net: bottom_pixel_0/OUTx5x                 |Net: net8[1]                               
  sky130_fd_pr__nfet_01v8/(1|3) = 1        |  sky130_fd_pr__nfet_01v8/(1|3) = 1        
  sens_amp/V_IN = 1                        |  sens_amp/V_IN = 1                        
                                           |                                           
Net: bottom_pixel_0/OUTx3x                 |Net: net8[0]                               
  sky130_fd_pr__nfet_01v8/(1|3) = 1        |  sky130_fd_pr__nfet_01v8/(1|3) = 1        
  sens_amp/V_IN = 1                        |  sens_amp/V_IN = 1                        
                                           |                                           
Net: io_analog[1]                          |Net: io_analog[1]                          
  sky130_fd_pr__nfet_01v8_lvt/2 = 20       |  sky130_fd_pr__nfet_01v8_lvt/2 = 10       
                                           |                                           
Net: vdda1                                 |Net: vdda1                                 
  sky130_fd_pr__pfet_01v8_lvt/4 = 73       |  sky130_fd_pr__pfet_01v8_lvt/4 = 73       
  sky130_fd_pr__pfet_01v8_lvt/(1|3) = 33   |  sky130_fd_pr__pfet_01v8_lvt/(1|3) = 33   
  sky130_fd_pr__nfet_01v8_lvt/(1|3) = 20   |  sky130_fd_pr__nfet_01v8_lvt/(1|3) = 20   
  opamp_wrapper/opamp_v1_0/vdd = 2         |  opamp_wrapper/VDD = 1                    
  sky130_fd_pr__nfet_01v8_lvt/2 = 1        |  sky130_fd_pr__nfet_01v8_lvt/2 = 1        
  sky130_fd_pr__pfet_01v8/(1|3) = 1        |  sky130_fd_pr__pfet_01v8/(1|3) = 1        
  sky130_fd_pr__pfet_01v8/4 = 1            |  sky130_fd_pr__pfet_01v8/4 = 1            
  sens_amp/VDD = 8                         |  sens_amp/VDD = 8                         
                                           |                                           
Net: io_analog[8]                          |Net: io_analog[8]                          
  sky130_fd_pr__nfet_01v8_lvt/2 = 11       |  sky130_fd_pr__nfet_01v8_lvt/2 = 21       
  sky130_fd_pr__nfet_01v8_lvt/(1|3) = 1    |  sky130_fd_pr__nfet_01v8_lvt/(1|3) = 1    
                                           |                                           
Net: vccd1                                 |Net: vccd1                                 
  sky130_fd_pr__pfet_01v8_lvt/(1|3) = 30   |  sky130_fd_pr__pfet_01v8_lvt/(1|3) = 30   
  sky130_fd_pr__pfet_01v8_lvt/4 = 30       |  sky130_fd_pr__pfet_01v8_lvt/4 = 30       
  sky130_fd_pr__pfet_01v8/(1|3) = 10       |  sky130_fd_pr__pfet_01v8/(1|3) = 10       
  sky130_fd_pr__pfet_01v8/4 = 10           |  sky130_fd_pr__pfet_01v8/4 = 10           
  sens_amp/VDD = 32                        |  sens_amp/VDD = 32                        
                                           |  opamp_wrapper/VDD = 1                    
                                           |                                           
Net: vssd2                                 |Net: vssd2                                 
  sky130_fd_pr__nfet_01v8/4 = 221          |  sky130_fd_pr__nfet_01v8/4 = 198          
  sky130_fd_pr__nfet_01v8/(1|3) = 26       |  sky130_fd_pr__nfet_01v8/(1|3) = 22       
  sky130_fd_pr__nfet_01v8_lvt/4 = 135      |  sky130_fd_pr__nfet_01v8_lvt/4 = 118      
  sky130_fd_pr__nfet_01v8_lvt/(1|3) = 37   |  sky130_fd_pr__nfet_01v8_lvt/(1|3) = 29   
  sky130_fd_pr__pfet_01v8_lvt/(1|3) = 10   |  sky130_fd_pr__pfet_01v8_lvt/(1|3) = 9    
  sens_amp/GND = 48                        |  sens_amp/GND = 40                        
  opamp_wrapper/opamp_v1_0/vss = 2         |  opamp_wrapper/GND = 1                    
  r/(end_a|end_b) = 3                      |  r/(end_a|end_b) = 2                      
                                           |                                           
Net: vssa2                                 |Net: vssa2                                 
  r/(end_a|end_b) = 1                      |  r/(end_a|end_b) = 1                      
                                           |  sky130_fd_pr__nfet_01v8_lvt/4 = 5        
                                           |  sky130_fd_pr__nfet_01v8/(1|3) = 2        
                                           |  sky130_fd_pr__nfet_01v8/4 = 5            
                                           |  sky130_fd_pr__nfet_01v8_lvt/(1|3) = 5    
                                           |                                           
Net: bottom_pixel_0/OUTx4x                 |Net: vssa1                                 
  sky130_fd_pr__nfet_01v8/(1|3) = 1        |  sky130_fd_pr__nfet_01v8_lvt/4 = 12       
  sens_amp/V_IN = 1                        |  sky130_fd_pr__nfet_01v8_lvt/(1|3) = 3    
                                           |  sky130_fd_pr__nfet_01v8/(1|3) = 2        
                                           |  sky130_fd_pr__nfet_01v8/4 = 18           
                                           |  sky130_fd_pr__pfet_01v8_lvt/(1|3) = 1    
                                           |  sens_amp/GND = 8                         
                                           |  r/(end_a|end_b) = 1                      
                                           |  opamp_wrapper/GND = 1                    
---------------------------------------------------------------------------------------

---------------------------------------------------------------------------------------
Net: adc_1/BIAS1                           |Net: BIAS2_B                               
  sky130_fd_pr__nfet_01v8/2 = 13           |  sky130_fd_pr__nfet_01v8_lvt/2 = 11       
  sky130_fd_pr__nfet_01v8/(1|3) = 2        |  sky130_fd_pr__nfet_01v8_lvt/(1|3) = 1    
                                           |  sky130_fd_pr__nfet_01v8/(1|3) = 1        
                                           |  sky130_fd_pr__nfet_01v8/2 = 2            
                                           |                                           
Net: adc_1/BIAS2                           |Net: BIAS1_B                               
  sky130_fd_pr__nfet_01v8_lvt/2 = 13       |  sky130_fd_pr__nfet_01v8/2 = 11           
  sky130_fd_pr__nfet_01v8_lvt/(1|3) = 1    |  sky130_fd_pr__nfet_01v8/(1|3) = 2        
  sky130_fd_pr__nfet_01v8/(1|3) = 1        |  sky130_fd_pr__nfet_01v8_lvt/2 = 2        
---------------------------------------------------------------------------------------
Netlists do not match.
Netlists do not match.
